# JRE version: OpenJDK Runtime Environment (8.0_152-b01) (build 1.8.0_152-release-1248-b01)
# Java VM: OpenJDK 64-Bit Server VM (25.152-b01 mixed mode windows-amd64 compressed oops)
Heap:
 PSYoungGen      total 316928K, used 100434K [0x00000000e0000000, 0x00000000f5900000, 0x0000000100000000)
  eden space 295936K, 26% used [0x00000000e0000000,0x00000000e4d96ee0,0x00000000f2100000)
  from space 20992K, 99% used [0x00000000f3c80000,0x00000000f50fda38,0x00000000f5100000)
  to   space 28160K, 0% used [0x00000000f2100000,0x00000000f2100000,0x00000000f3c80000)
 ParOldGen       total 155648K, used 65792K [0x00000000a0000000, 0x00000000a9800000, 0x00000000e0000000)
  object space 155648K, 42% used [0x00000000a0000000,0x00000000a4040130,0x00000000a9800000)
 Metaspace       used 74174K, capacity 76921K, committed 77056K, reserved 1116160K
  class space    used 9756K, capacity 10401K, committed 10496K, reserved 1048576K
GC Heap History (10 events):
Event: 33.817 GC heap before
{Heap before GC invocations=13 (full 2):
 PSYoungGen      total 193536K, used 114564K [0x00000000e0000000, 0x00000000ed080000, 0x0000000100000000)
  eden space 177664K, 55% used [0x00000000e0000000,0x00000000e6090b28,0x00000000ead80000)
  from space 15872K, 98% used [0x00000000ec100000,0x00000000ed050858,0x00000000ed080000)
  to   space 17920K, 0% used [0x00000000ead80000,0x00000000ead80000,0x00000000ebf00000)
 ParOldGen       total 107520K, used 19440K [0x00000000a0000000, 0x00000000a6900000, 0x00000000e0000000)
  object space 107520K, 18% used [0x00000000a0000000,0x00000000a12fc040,0x00000000a6900000)
 Metaspace       used 57353K, capacity 59083K, committed 59160K, reserved 1099776K
  class space    used 7830K, capacity 8290K, committed 8320K, reserved 1048576K
Event: 33.853 GC heap after
Heap after GC invocations=13 (full 2):
 PSYoungGen      total 195584K, used 10750K [0x00000000e0000000, 0x00000000f0b00000, 0x0000000100000000)
  eden space 177664K, 0% used [0x00000000e0000000,0x00000000e0000000,0x00000000ead80000)
  from space 17920K, 59% used [0x00000000ead80000,0x00000000eb7ff9c8,0x00000000ebf00000)
  to   space 17408K, 0% used [0x00000000efa00000,0x00000000efa00000,0x00000000f0b00000)
 ParOldGen       total 107520K, used 30360K [0x00000000a0000000, 0x00000000a6900000, 0x00000000e0000000)
  object space 107520K, 28% used [0x00000000a0000000,0x00000000a1da61d0,0x00000000a6900000)
 Metaspace       used 57353K, capacity 59083K, committed 59160K, reserved 1099776K
  class space    used 7830K, capacity 8290K, committed 8320K, reserved 1048576K
}
Event: 33.853 GC heap before
{Heap before GC invocations=14 (full 3):
 PSYoungGen      total 195584K, used 10750K [0x00000000e0000000, 0x00000000f0b00000, 0x0000000100000000)
  eden space 177664K, 0% used [0x00000000e0000000,0x00000000e0000000,0x00000000ead80000)
  from space 17920K, 59% used [0x00000000ead80000,0x00000000eb7ff9c8,0x00000000ebf00000)
  to   space 17408K, 0% used [0x00000000efa00000,0x00000000efa00000,0x00000000f0b00000)
 ParOldGen       total 107520K, used 30360K [0x00000000a0000000, 0x00000000a6900000, 0x00000000e0000000)
  object space 107520K, 28% used [0x00000000a0000000,0x00000000a1da61d0,0x00000000a6900000)
 Metaspace       used 57353K, capacity 59083K, committed 59160K, reserved 1099776K
  class space    used 7830K, capacity 8290K, committed 8320K, reserved 1048576K
Event: 34.241 GC heap after
Heap after GC invocations=14 (full 3):
 PSYoungGen      total 195584K, used 0K [0x00000000e0000000, 0x00000000f0b00000, 0x0000000100000000)
  eden space 177664K, 0% used [0x00000000e0000000,0x00000000e0000000,0x00000000ead80000)
  from space 17920K, 0% used [0x00000000ead80000,0x00000000ead80000,0x00000000ebf00000)
  to   space 17408K, 0% used [0x00000000efa00000,0x00000000efa00000,0x00000000f0b00000)
 ParOldGen       total 155648K, used 37505K [0x00000000a0000000, 0x00000000a9800000, 0x00000000e0000000)
  object space 155648K, 24% used [0x00000000a0000000,0x00000000a24a07c8,0x00000000a9800000)
 Metaspace       used 57353K, capacity 59083K, committed 59160K, reserved 1099776K
  class space    used 7830K, capacity 8290K, committed 8320K, reserved 1048576K
}
Event: 37.071 GC heap before
{Heap before GC invocations=15 (full 3):
 PSYoungGen      total 195584K, used 177664K [0x00000000e0000000, 0x00000000f0b00000, 0x0000000100000000)
  eden space 177664K, 100% used [0x00000000e0000000,0x00000000ead80000,0x00000000ead80000)
  from space 17920K, 0% used [0x00000000ead80000,0x00000000ead80000,0x00000000ebf00000)
  to   space 17408K, 0% used [0x00000000efa00000,0x00000000efa00000,0x00000000f0b00000)
 ParOldGen       total 155648K, used 37505K [0x00000000a0000000, 0x00000000a9800000, 0x00000000e0000000)
  object space 155648K, 24% used [0x00000000a0000000,0x00000000a24a07c8,0x00000000a9800000)
 Metaspace       used 60150K, capacity 62049K, committed 62336K, reserved 1103872K
  class space    used 8221K, capacity 8715K, committed 8832K, reserved 1048576K
Event: 37.096 GC heap after
Heap after GC invocations=15 (full 3):
 PSYoungGen      total 250880K, used 17401K [0x00000000e0000000, 0x00000000f0b00000, 0x0000000100000000)
  eden space 233472K, 0% used [0x00000000e0000000,0x00000000e0000000,0x00000000ee400000)
  from space 17408K, 99% used [0x00000000efa00000,0x00000000f0afe748,0x00000000f0b00000)
  to   space 19456K, 0% used [0x00000000ee500000,0x00000000ee500000,0x00000000ef800000)
 ParOldGen       total 155648K, used 37607K [0x00000000a0000000, 0x00000000a9800000, 0x00000000e0000000)
  object space 155648K, 24% used [0x00000000a0000000,0x00000000a24b9e68,0x00000000a9800000)
 Metaspace       used 60150K, capacity 62049K, committed 62336K, reserved 1103872K
  class space    used 8221K, capacity 8715K, committed 8832K, reserved 1048576K
}
Event: 43.546 GC heap before
{Heap before GC invocations=16 (full 3):
 PSYoungGen      total 250880K, used 250873K [0x00000000e0000000, 0x00000000f0b00000, 0x0000000100000000)
  eden space 233472K, 100% used [0x00000000e0000000,0x00000000ee400000,0x00000000ee400000)
  from space 17408K, 99% used [0x00000000efa00000,0x00000000f0afe748,0x00000000f0b00000)
  to   space 19456K, 0% used [0x00000000ee500000,0x00000000ee500000,0x00000000ef800000)
 ParOldGen       total 155648K, used 37607K [0x00000000a0000000, 0x00000000a9800000, 0x00000000e0000000)
  object space 155648K, 24% used [0x00000000a0000000,0x00000000a24b9e68,0x00000000a9800000)
 Metaspace       used 68882K, capacity 71403K, committed 71552K, reserved 1112064K
  class space    used 9164K, capacity 9784K, committed 9856K, reserved 1048576K
Event: 43.641 GC heap after
Heap after GC invocations=16 (full 3):
 PSYoungGen      total 253952K, used 17221K [0x00000000e0000000, 0x00000000f5100000, 0x0000000100000000)
  eden space 234496K, 0% used [0x00000000e0000000,0x00000000e0000000,0x00000000ee500000)
  from space 19456K, 88% used [0x00000000ee500000,0x00000000ef5d15c0,0x00000000ef800000)
  to   space 20992K, 0% used [0x00000000f3c80000,0x00000000f3c80000,0x00000000f5100000)
 ParOldGen       total 155648K, used 53543K [0x00000000a0000000, 0x00000000a9800000, 0x00000000e0000000)
  object space 155648K, 34% used [0x00000000a0000000,0x00000000a3449fd8,0x00000000a9800000)
 Metaspace       used 68882K, capacity 71403K, committed 71552K, reserved 1112064K
  class space    used 9164K, capacity 9784K, committed 9856K, reserved 1048576K
}
Event: 61.672 GC heap before
{Heap before GC invocations=17 (full 3):
 PSYoungGen      total 253952K, used 251717K [0x00000000e0000000, 0x00000000f5100000, 0x0000000100000000)
  eden space 234496K, 100% used [0x00000000e0000000,0x00000000ee500000,0x00000000ee500000)
  from space 19456K, 88% used [0x00000000ee500000,0x00000000ef5d15c0,0x00000000ef800000)
  to   space 20992K, 0% used [0x00000000f3c80000,0x00000000f3c80000,0x00000000f5100000)
 ParOldGen       total 155648K, used 53543K [0x00000000a0000000, 0x00000000a9800000, 0x00000000e0000000)
  object space 155648K, 34% used [0x00000000a0000000,0x00000000a3449fd8,0x00000000a9800000)
 Metaspace       used 72439K, capacity 75071K, committed 75264K, reserved 1114112K
  class space    used 9553K, capacity 10186K, committed 10240K, reserved 1048576K
Event: 61.760 GC heap after
Heap after GC invocations=17 (full 3):
 PSYoungGen      total 316928K, used 20982K [0x00000000e0000000, 0x00000000f5900000, 0x0000000100000000)
  eden space 295936K, 0% used [0x00000000e0000000,0x00000000e0000000,0x00000000f2100000)
  from space 20992K, 99% used [0x00000000f3c80000,0x00000000f50fda38,0x00000000f5100000)
  to   space 28160K, 0% used [0x00000000f2100000,0x00000000f2100000,0x00000000f3c80000)
 ParOldGen       total 155648K, used 65792K [0x00000000a0000000, 0x00000000a9800000, 0x00000000e0000000)
  object space 155648K, 42% used [0x00000000a0000000,0x00000000a4040130,0x00000000a9800000)
 Metaspace       used 72439K, capacity 75071K, committed 75264K, reserved 1114112K
  class space    used 9553K, capacity 10186K, committed 10240K, reserved 1048576K
}

